<?xml version="1.0" encoding="UTF-8"?>
<testsuite name="org.apache.commons.math3.util.FastMathTest" time="5.814" tests="71" errors="0" skipped="1" failures="0">
  <properties>
[...]
</properties>
  <testcase name="testLogSpecialCases" classname="org.apache.commons.math3.util.FastMathTest" time="0"/>
  <testcase name="testToIntExactTooHigh" classname="org.apache.commons.math3.util.FastMathTest" time="0"/>
  <testcase name="testDoubleNextAfterSpecialCases" classname="org.apache.commons.math3.util.FastMathTest" time="0"/>
  <testcase name="testIncrementExactInt" classname="org.apache.commons.math3.util.FastMathTest" time="0"/>
  <testcase name="testFloorDivInt" classname="org.apache.commons.math3.util.FastMathTest" time="0.032"/>
  <testcase name="testIndicatorDouble" classname="org.apache.commons.math3.util.FastMathTest" time="0"/>
  <testcase name="testFloorModInt" classname="org.apache.commons.math3.util.FastMathTest" time="0.02"/>
  <testcase name="testSubtractExactInt" classname="org.apache.commons.math3.util.FastMathTest" time="0.001"/>
  <testcase name="testAtan2SpecialCases" classname="org.apache.commons.math3.util.FastMathTest" time="0"/>
  <testcase name="testCbrtAccuracy" classname="org.apache.commons.math3.util.FastMathTest" time="0.722"/>
  <testcase name="testAtan2" classname="org.apache.commons.math3.util.FastMathTest" time="0"/>
  <testcase name="testIntPowSpecialCases" classname="org.apache.commons.math3.util.FastMathTest" time="0.002"/>
  <testcase name="checkMissingFastMathClasses" classname="org.apache.commons.math3.util.FastMathTest" time="0"/>
  <testcase name="testLogAccuracy" classname="org.apache.commons.math3.util.FastMathTest" time="0.064"/>
  <testcase name="testLog1pSpecialCases" classname="org.apache.commons.math3.util.FastMathTest" time="0"/>
  <testcase name="testAcosAccuracy" classname="org.apache.commons.math3.util.FastMathTest" time="0.755"/>
  <testcase name="testMinMaxDouble" classname="org.apache.commons.math3.util.FastMathTest" time="0.001"/>
  <testcase name="testAcosSpecialCases" classname="org.apache.commons.math3.util.FastMathTest" time="0"/>
  <testcase name="testPowSpecialCases" classname="org.apache.commons.math3.util.FastMathTest" time="0"/>
  <testcase name="testDoubleScalbSpecialCases" classname="org.apache.commons.math3.util.FastMathTest" time="0"/>
  <testcase name="testToIntExactTooLow" classname="org.apache.commons.math3.util.FastMathTest" time="0"/>
  <testcase name="testTanhAccuracy" classname="org.apache.commons.math3.util.FastMathTest" time="1.229"/>
  <testcase name="testMath905LargePositive" classname="org.apache.commons.math3.util.FastMathTest" time="0.002"/>
  <testcase name="testPowAllSpecialCases" classname="org.apache.commons.math3.util.FastMathTest" time="0.283"/>
  <testcase name="testMath905LargeNegative" classname="org.apache.commons.math3.util.FastMathTest" time="0"/>
  <testcase name="testFloorDivModInt" classname="org.apache.commons.math3.util.FastMathTest" time="0.008"/>
  <testcase name="testToIntExact" classname="org.apache.commons.math3.util.FastMathTest" time="0.001"/>
  <testcase name="testToRadians" classname="org.apache.commons.math3.util.FastMathTest" time="0.016"/>
  <testcase name="testMultiplyExactLong" classname="org.apache.commons.math3.util.FastMathTest" time="0.002"/>
  <testcase name="testLogWithBase" classname="org.apache.commons.math3.util.FastMathTest" time="0"/>
  <testcase name="testDecrementExactInt" classname="org.apache.commons.math3.util.FastMathTest" time="0"/>
  <testcase name="testConstants" classname="org.apache.commons.math3.util.FastMathTest" time="0"/>
  <testcase name="testAddExactInt" classname="org.apache.commons.math3.util.FastMathTest" time="0.001"/>
  <testcase name="testTanAccuracy" classname="org.apache.commons.math3.util.FastMathTest" time="0.052"/>
  <testcase name="testMath904" classname="org.apache.commons.math3.util.FastMathTest" time="0"/>
  <testcase name="testIntPowHuge" classname="org.apache.commons.math3.util.FastMathTest" time="0"/>
  <testcase name="testFloatScalbSpecialCases" classname="org.apache.commons.math3.util.FastMathTest" time="0"/>
  <testcase name="testAddExactLong" classname="org.apache.commons.math3.util.FastMathTest" time="0.001"/>
  <testcase name="testToDegrees" classname="org.apache.commons.math3.util.FastMathTest" time="0.016"/>
  <testcase name="testMultiplyExactInt" classname="org.apache.commons.math3.util.FastMathTest" time="0.001"/>
  <testcase name="testSignumFloat" classname="org.apache.commons.math3.util.FastMathTest" time="0"/>
  <testcase name="testIntPowLongMinValue" classname="org.apache.commons.math3.util.FastMathTest" time="0.001"/>
  <testcase name="testSinAccuracy" classname="org.apache.commons.math3.util.FastMathTest" time="0.033"/>
  <testcase name="testAtan2Accuracy" classname="org.apache.commons.math3.util.FastMathTest" time="0.058"/>
  <testcase name="testFloatNextAfterSpecialCases" classname="org.apache.commons.math3.util.FastMathTest" time="0"/>
  <testcase name="testExpm1Accuracy" classname="org.apache.commons.math3.util.FastMathTest" time="0.038"/>
  <testcase name="testMath1269" classname="org.apache.commons.math3.util.FastMathTest" time="0"/>
  <testcase name="testSignumDouble" classname="org.apache.commons.math3.util.FastMathTest" time="0.001"/>
  <testcase name="testPowLargeIntegralDouble" classname="org.apache.commons.math3.util.FastMathTest" time="0"/>
  <testcase name="testMinMaxFloat" classname="org.apache.commons.math3.util.FastMathTest" time="0"/>
  <testcase name="testHyperbolic" classname="org.apache.commons.math3.util.FastMathTest" time="0.022"/>
  <testcase name="testFloorModLong" classname="org.apache.commons.math3.util.FastMathTest" time="0.013"/>
  <testcase name="testCoshAccuracy" classname="org.apache.commons.math3.util.FastMathTest" time="0.643"/>
  <testcase name="testSubtractExactLong" classname="org.apache.commons.math3.util.FastMathTest" time="0.001"/>
  <testcase name="testIntPow" classname="org.apache.commons.math3.util.FastMathTest" time="0.008"/>
  <testcase name="testIndicatorFloat" classname="org.apache.commons.math3.util.FastMathTest" time="0"/>
  <testcase name="testPowAccuracy" classname="org.apache.commons.math3.util.FastMathTest" time="0.11"/>
  <testcase name="testFloorDivModLong" classname="org.apache.commons.math3.util.FastMathTest" time="0.009"/>
  <testcase name="testFloorDivLong" classname="org.apache.commons.math3.util.FastMathTest" time="0.015"/>
  <testcase name="testExpSpecialCases" classname="org.apache.commons.math3.util.FastMathTest" time="0"/>
  <testcase name="testLog10Accuracy" classname="org.apache.commons.math3.util.FastMathTest" time="0.096"/>
  <testcase name="testAtanAccuracy" classname="org.apache.commons.math3.util.FastMathTest" time="0.051"/>
  <testcase name="testNextAfter" classname="org.apache.commons.math3.util.FastMathTest" time="0"/>
  <testcase name="testLog1pAccuracy" classname="org.apache.commons.math3.util.FastMathTest" time="0.043"/>
  <testcase name="testHyperbolicInverses" classname="org.apache.commons.math3.util.FastMathTest" time="0.004"/>
  <testcase name="checkExtraFastMathClasses" classname="org.apache.commons.math3.util.FastMathTest" time="0">
    <skipped/>
  </testcase>
  <testcase name="testAsinSpecialCases" classname="org.apache.commons.math3.util.FastMathTest" time="0"/>
  <testcase name="testAsinAccuracy" classname="org.apache.commons.math3.util.FastMathTest" time="0.7"/>
  <testcase name="testCosAccuracy" classname="org.apache.commons.math3.util.FastMathTest" time="0.035"/>
  <testcase name="testExpAccuracy" classname="org.apache.commons.math3.util.FastMathTest" time="0.076"/>
  <testcase name="testSinhAccuracy" classname="org.apache.commons.math3.util.FastMathTest" time="0.648"/>
</testsuite>